#
# There is insufficient memory for the Java Runtime Environment to continue.
# Native memory allocation (malloc) failed to allocate 1064336 bytes for Chunk::new
# Possible reasons:
#   The system is out of physical RAM or swap space
#   The process is running with CompressedOops enabled, and the Java Heap may be blocking the growth of the native heap
# Possible solutions:
#   Reduce memory load on the system
#   Increase physical memory or swap space
#   Check if swap backing store is full
#   Decrease Java heap size (-Xmx/-Xms)
#   Decrease number of Java threads
#   Decrease Java thread stack sizes (-Xss)
#   Set larger code cache with -XX:ReservedCodeCacheSize=
#   JVM is running with Unscaled Compressed Oops mode in which the Java heap is
#     placed in the first 4GB address space. The Java Heap base address is the
#     maximum limit for the native heap growth. Please use -XX:HeapBaseMinAddress
#     to set the Java Heap base and to place the Java Heap above 4GB virtual address.
# This output file may be truncated or incomplete.
#
#  Out of Memory Error (./src/hotspot/share/memory/arena.cpp:197), pid=17868, tid=9916
#
# JRE version: OpenJDK Runtime Environment (11.0.12+7) (build 11.0.12+7-b1504.28-7817840)
# Java VM: OpenJDK 64-Bit Server VM (11.0.12+7-b1504.28-7817840, mixed mode, tiered, compressed oops, g1 gc, windows-amd64)
# No core dump will be written. Minidumps are not enabled by default on client versions of Windows
#

---------------  S U M M A R Y ------------

Command Line: --add-opens=java.base/java.util=ALL-UNNAMED --add-opens=java.base/java.lang=ALL-UNNAMED --add-opens=java.base/java.lang.invoke=ALL-UNNAMED --add-opens=java.base/java.util=ALL-UNNAMED --add-opens=java.prefs/java.util.prefs=ALL-UNNAMED --add-opens=java.prefs/java.util.prefs=ALL-UNNAMED --add-opens=java.base/java.nio.charset=ALL-UNNAMED --add-opens=java.base/java.net=ALL-UNNAMED --add-opens=java.base/java.util.concurrent.atomic=ALL-UNNAMED -Xmx2048m -Dfile.encoding=UTF-8 -Duser.country=IN -Duser.language=en -Duser.variant org.gradle.launcher.daemon.bootstrap.GradleDaemon 7.3.3

Host: Intel(R) Core(TM) i5-5300U CPU @ 2.30GHz, 4 cores, 7G,  Windows 10 , 64 bit Build 19041 (10.0.19041.1706)
Time: Thu May 19 10:18:47 2022 India Standard Time elapsed time: 13.337225 seconds (0d 0h 0m 13s)

---------------  T H R E A D  ---------------

Current thread (0x000002284043b000):  JavaThread "C2 CompilerThread0" daemon [_thread_in_native, id=9916, stack(0x000000910da00000,0x000000910db00000)]


Current CompileTask:
C2:  13337 2036   !   4       java.net.URLClassLoader$1::run (63 bytes)

Stack: [0x000000910da00000,0x000000910db00000]
Native frames: (J=compiled Java code, j=interpreted, Vv=VM code, C=native code)
V  [jvm.dll+0x5fbcea]
V  [jvm.dll+0x731905]
V  [jvm.dll+0x732f1d]
V  [jvm.dll+0x7335d3]
V  [jvm.dll+0x247bf8]
V  [jvm.dll+0xc018c]
V  [jvm.dll+0xc06cc]
V  [jvm.dll+0x2bcc04]
V  [jvm.dll+0x5113a8]
V  [jvm.dll+0x208303]
V  [jvm.dll+0x201fe0]
V  [jvm.dll+0x1ff71f]
V  [jvm.dll+0x18868c]
V  [jvm.dll+0x20e0d7]
V  [jvm.dll+0x20c901]
V  [jvm.dll+0x6f9b7f]
V  [jvm.dll+0x6f26a5]
V  [jvm.dll+0x5fabf6]
C  [ucrtbase.dll+0x21bb2]
C  [KERNEL32.DLL+0x17034]
C  [ntdll.dll+0x52651]


---------------  P R O C E S S  ---------------

Threads class SMR info:
_java_thread_list=0x00000228412916e0, length=23, elements={
0x00000228248eb000, 0x0000022840411800, 0x000002284041b000, 0x0000022840429000,
0x000002284042e000, 0x000002284042f800, 0x000002284043b000, 0x000002284043f000,
0x0000022840440800, 0x0000022840ee9000, 0x0000022841c89000, 0x0000022841717800,
0x000002284170e800, 0x0000022841f93800, 0x0000022841f94800, 0x00000228426b0800,
0x0000022840e97000, 0x0000022840e98000, 0x0000022841428000, 0x0000022841580800,
0x000002284157f000, 0x0000022841585800, 0x0000022841584000
}

Java Threads: ( => current thread )
  0x00000228248eb000 JavaThread "main" [_thread_blocked, id=19176, stack(0x000000910ce00000,0x000000910cf00000)]
  0x0000022840411800 JavaThread "Reference Handler" daemon [_thread_blocked, id=19860, stack(0x000000910d500000,0x000000910d600000)]
  0x000002284041b000 JavaThread "Finalizer" daemon [_thread_blocked, id=10116, stack(0x000000910d600000,0x000000910d700000)]
  0x0000022840429000 JavaThread "Signal Dispatcher" daemon [_thread_blocked, id=6840, stack(0x000000910d700000,0x000000910d800000)]
  0x000002284042e000 JavaThread "Attach Listener" daemon [_thread_blocked, id=21384, stack(0x000000910d800000,0x000000910d900000)]
  0x000002284042f800 JavaThread "Service Thread" daemon [_thread_blocked, id=15196, stack(0x000000910d900000,0x000000910da00000)]
=>0x000002284043b000 JavaThread "C2 CompilerThread0" daemon [_thread_in_native, id=9916, stack(0x000000910da00000,0x000000910db00000)]
  0x000002284043f000 JavaThread "C1 CompilerThread0" daemon [_thread_blocked, id=18732, stack(0x000000910db00000,0x000000910dc00000)]
  0x0000022840440800 JavaThread "Sweeper thread" daemon [_thread_blocked, id=5884, stack(0x000000910dc00000,0x000000910dd00000)]
  0x0000022840ee9000 JavaThread "Common-Cleaner" daemon [_thread_blocked, id=18328, stack(0x000000910dd00000,0x000000910de00000)]
  0x0000022841c89000 JavaThread "Daemon health stats" [_thread_blocked, id=18388, stack(0x000000910e100000,0x000000910e200000)]
  0x0000022841717800 JavaThread "Incoming local TCP Connector on port 55011" [_thread_in_native, id=21044, stack(0x000000910e200000,0x000000910e300000)]
  0x000002284170e800 JavaThread "Daemon periodic checks" [_thread_blocked, id=21228, stack(0x000000910e300000,0x000000910e400000)]
  0x0000022841f93800 JavaThread "Daemon" [_thread_blocked, id=21312, stack(0x000000910e400000,0x000000910e500000)]
  0x0000022841f94800 JavaThread "Handler for socket connection from /127.0.0.1:55011 to /127.0.0.1:55015" [_thread_in_native, id=4952, stack(0x000000910e500000,0x000000910e600000)]
  0x00000228426b0800 JavaThread "Cancel handler" [_thread_blocked, id=20904, stack(0x000000910e600000,0x000000910e700000)]
  0x0000022840e97000 JavaThread "Daemon worker" [_thread_in_native, id=17632, stack(0x000000910e700000,0x000000910e800000)]
  0x0000022840e98000 JavaThread "Asynchronous log dispatcher for DefaultDaemonConnection: socket connection from /127.0.0.1:55011 to /127.0.0.1:55015" [_thread_blocked, id=18884, stack(0x000000910e800000,0x000000910e900000)]
  0x0000022841428000 JavaThread "Stdin handler" [_thread_blocked, id=19568, stack(0x000000910e900000,0x000000910ea00000)]
  0x0000022841580800 JavaThread "Daemon client event forwarder" [_thread_blocked, id=15696, stack(0x000000910ea00000,0x000000910eb00000)]
  0x000002284157f000 JavaThread "Cache worker for journal cache (C:\Users\Abhijit\.gradle\caches\journal-1)" [_thread_blocked, id=2928, stack(0x000000910ec00000,0x000000910ed00000)]
  0x0000022841585800 JavaThread "File lock request listener" [_thread_in_native, id=6828, stack(0x000000910ed00000,0x000000910ee00000)]
  0x0000022841584000 JavaThread "Cache worker for file hash cache (C:\Users\Abhijit\.gradle\caches\7.3.3\fileHashes)" [_thread_blocked, id=19544, stack(0x000000910ee00000,0x000000910ef00000)]

Other Threads:
  0x000002284040a800 VMThread "VM Thread" [stack: 0x000000910d400000,0x000000910d500000] [id=10504]
  0x0000022840f0b800 WatcherThread [stack: 0x000000910de00000,0x000000910df00000] [id=13112]
  0x0000022824904800 GCTaskThread "GC Thread#0" [stack: 0x000000910cf00000,0x000000910d000000] [id=5528]
  0x0000022841942000 GCTaskThread "GC Thread#1" [stack: 0x000000910df00000,0x000000910e000000] [id=9228]
  0x00000228411cf000 GCTaskThread "GC Thread#2" [stack: 0x000000910e000000,0x000000910e100000] [id=20892]
  0x0000022840ead800 GCTaskThread "GC Thread#3" [stack: 0x000000910eb00000,0x000000910ec00000] [id=20264]
  0x0000022824935800 ConcurrentGCThread "G1 Main Marker" [stack: 0x000000910d000000,0x000000910d100000] [id=14324]
  0x0000022824939000 ConcurrentGCThread "G1 Conc#0" [stack: 0x000000910d100000,0x000000910d200000] [id=21476]
  0x00000228249c9000 ConcurrentGCThread "G1 Refine#0" [stack: 0x000000910d200000,0x000000910d300000] [id=1260]
  0x00000228249ca000 ConcurrentGCThread "G1 Young RemSet Sampling" [stack: 0x000000910d300000,0x000000910d400000] [id=7852]

Threads with active compile tasks:
C2 CompilerThread0  13619 2036   !   4       java.net.URLClassLoader$1::run (63 bytes)

VM state:not at safepoint (normal execution)

VM Mutex/Monitor currently owned by a thread: None

Heap address: 0x0000000080000000, size: 2048 MB, Compressed Oops mode: 32-bit
Narrow klass base: 0x0000000000000000, Narrow klass shift: 3
Compressed class space size: 1073741824 Address: 0x0000000100000000

Heap:
 garbage-first heap   total 131072K, used 43145K [0x0000000080000000, 0x0000000100000000)
  region size 1024K, 28 young (28672K), 2 survivors (2048K)
 Metaspace       used 23072K, capacity 23628K, committed 23936K, reserved 1071104K
  class space    used 2927K, capacity 3100K, committed 3200K, reserved 1048576K
Heap Regions: E=young(eden), S=young(survivor), O=old, HS=humongous(starts), HC=humongous(continues), CS=collection set, F=free, A=archive, TAMS=top-at-mark-start (previous, next)
|   0|0x0000000080000000, 0x0000000080100000, 0x0000000080100000|100%| O|  |TAMS 0x0000000080100000, 0x0000000080000000| Untracked 
|   1|0x0000000080100000, 0x0000000080200000, 0x0000000080200000|100%| O|  |TAMS 0x0000000080200000, 0x0000000080100000| Untracked 
|   2|0x0000000080200000, 0x0000000080300000, 0x0000000080300000|100%| O|  |TAMS 0x0000000080300000, 0x0000000080200000| Untracked 
|   3|0x0000000080300000, 0x0000000080400000, 0x0000000080400000|100%|HS|  |TAMS 0x0000000080400000, 0x0000000080300000| Complete 
|   4|0x0000000080400000, 0x0000000080500000, 0x0000000080500000|100%|HC|  |TAMS 0x0000000080500000, 0x0000000080400000| Complete 
|   5|0x0000000080500000, 0x0000000080600000, 0x0000000080600000|100%|HC|  |TAMS 0x0000000080600000, 0x0000000080500000| Complete 
|   6|0x0000000080600000, 0x0000000080700000, 0x0000000080700000|100%| O|  |TAMS 0x0000000080700000, 0x0000000080600000| Untracked 
|   7|0x0000000080700000, 0x0000000080800000, 0x0000000080800000|100%| O|  |TAMS 0x0000000080800000, 0x0000000080700000| Untracked 
|   8|0x0000000080800000, 0x0000000080900000, 0x0000000080900000|100%| O|  |TAMS 0x0000000080900000, 0x0000000080800000| Untracked 
|   9|0x0000000080900000, 0x0000000080a00000, 0x0000000080a00000|100%| O|  |TAMS 0x0000000080a00000, 0x0000000080900000| Untracked 
|  10|0x0000000080a00000, 0x0000000080b00000, 0x0000000080b00000|100%| O|  |TAMS 0x0000000080b00000, 0x0000000080a00000| Untracked 
|  11|0x0000000080b00000, 0x0000000080c00000, 0x0000000080c00000|100%| O|  |TAMS 0x0000000080c00000, 0x0000000080b00000| Untracked 
|  12|0x0000000080c00000, 0x0000000080d00000, 0x0000000080d00000|100%| O|  |TAMS 0x0000000080d00000, 0x0000000080c00000| Untracked 
|  13|0x0000000080d00000, 0x0000000080e00000, 0x0000000080e00000|100%| O|  |TAMS 0x0000000080e00000, 0x0000000080d00000| Untracked 
|  14|0x0000000080e00000, 0x0000000080f00000, 0x0000000080f00000|100%| O|  |TAMS 0x0000000080f00000, 0x0000000080e00000| Untracked 
|  15|0x0000000080f00000, 0x0000000080ffb200, 0x0000000081000000| 98%| O|  |TAMS 0x0000000080ffb200, 0x0000000080f00000| Untracked 
|  16|0x0000000081000000, 0x0000000081000000, 0x0000000081100000|  0%| F|  |TAMS 0x0000000081000000, 0x0000000081000000| Untracked 
|  17|0x0000000081100000, 0x0000000081100000, 0x0000000081200000|  0%| F|  |TAMS 0x0000000081100000, 0x0000000081100000| Untracked 
|  18|0x0000000081200000, 0x0000000081200000, 0x0000000081300000|  0%| F|  |TAMS 0x0000000081200000, 0x0000000081200000| Untracked 
|  19|0x0000000081300000, 0x0000000081300000, 0x0000000081400000|  0%| F|  |TAMS 0x0000000081300000, 0x0000000081300000| Untracked 
|  20|0x0000000081400000, 0x0000000081400000, 0x0000000081500000|  0%| F|  |TAMS 0x0000000081400000, 0x0000000081400000| Untracked 
|  21|0x0000000081500000, 0x0000000081500000, 0x0000000081600000|  0%| F|  |TAMS 0x0000000081500000, 0x0000000081500000| Untracked 
|  22|0x0000000081600000, 0x0000000081600000, 0x0000000081700000|  0%| F|  |TAMS 0x0000000081600000, 0x0000000081600000| Untracked 
|  23|0x0000000081700000, 0x0000000081700000, 0x0000000081800000|  0%| F|  |TAMS 0x0000000081700000, 0x0000000081700000| Untracked 
|  24|0x0000000081800000, 0x0000000081800000, 0x0000000081900000|  0%| F|  |TAMS 0x0000000081800000, 0x0000000081800000| Untracked 
|  25|0x0000000081900000, 0x0000000081900000, 0x0000000081a00000|  0%| F|  |TAMS 0x0000000081900000, 0x0000000081900000| Untracked 
|  26|0x0000000081a00000, 0x0000000081a00000, 0x0000000081b00000|  0%| F|  |TAMS 0x0000000081a00000, 0x0000000081a00000| Untracked 
|  27|0x0000000081b00000, 0x0000000081b00000, 0x0000000081c00000|  0%| F|  |TAMS 0x0000000081b00000, 0x0000000081b00000| Untracked 
|  28|0x0000000081c00000, 0x0000000081c00000, 0x0000000081d00000|  0%| F|  |TAMS 0x0000000081c00000, 0x0000000081c00000| Untracked 
|  29|0x0000000081d00000, 0x0000000081d00000, 0x0000000081e00000|  0%| F|  |TAMS 0x0000000081d00000, 0x0000000081d00000| Untracked 
|  30|0x0000000081e00000, 0x0000000081e00000, 0x0000000081f00000|  0%| F|  |TAMS 0x0000000081e00000, 0x0000000081e00000| Untracked 
|  31|0x0000000081f00000, 0x0000000081f00000, 0x0000000082000000|  0%| F|  |TAMS 0x0000000081f00000, 0x0000000081f00000| Untracked 
|  32|0x0000000082000000, 0x0000000082000000, 0x0000000082100000|  0%| F|  |TAMS 0x0000000082000000, 0x0000000082000000| Untracked 
|  33|0x0000000082100000, 0x0000000082100000, 0x0000000082200000|  0%| F|  |TAMS 0x0000000082100000, 0x0000000082100000| Untracked 
|  34|0x0000000082200000, 0x0000000082200000, 0x0000000082300000|  0%| F|  |TAMS 0x0000000082200000, 0x0000000082200000| Untracked 
|  35|0x0000000082300000, 0x0000000082300000, 0x0000000082400000|  0%| F|  |TAMS 0x0000000082300000, 0x0000000082300000| Untracked 
|  36|0x0000000082400000, 0x0000000082400000, 0x0000000082500000|  0%| F|  |TAMS 0x0000000082400000, 0x0000000082400000| Untracked 
|  37|0x0000000082500000, 0x0000000082500000, 0x0000000082600000|  0%| F|  |TAMS 0x0000000082500000, 0x0000000082500000| Untracked 
|  38|0x0000000082600000, 0x0000000082600000, 0x0000000082700000|  0%| F|  |TAMS 0x0000000082600000, 0x0000000082600000| Untracked 
|  39|0x0000000082700000, 0x0000000082700000, 0x0000000082800000|  0%| F|  |TAMS 0x0000000082700000, 0x0000000082700000| Untracked 
|  40|0x0000000082800000, 0x0000000082800000, 0x0000000082900000|  0%| F|  |TAMS 0x0000000082800000, 0x0000000082800000| Untracked 
|  41|0x0000000082900000, 0x0000000082900000, 0x0000000082a00000|  0%| F|  |TAMS 0x0000000082900000, 0x0000000082900000| Untracked 
|  42|0x0000000082a00000, 0x0000000082a00000, 0x0000000082b00000|  0%| F|  |TAMS 0x0000000082a00000, 0x0000000082a00000| Untracked 
|  43|0x0000000082b00000, 0x0000000082b00000, 0x0000000082c00000|  0%| F|  |TAMS 0x0000000082b00000, 0x0000000082b00000| Untracked 
|  44|0x0000000082c00000, 0x0000000082c00000, 0x0000000082d00000|  0%| F|  |TAMS 0x0000000082c00000, 0x0000000082c00000| Untracked 
|  45|0x0000000082d00000, 0x0000000082d00000, 0x0000000082e00000|  0%| F|  |TAMS 0x0000000082d00000, 0x0000000082d00000| Untracked 
|  46|0x0000000082e00000, 0x0000000082e00000, 0x0000000082f00000|  0%| F|  |TAMS 0x0000000082e00000, 0x0000000082e00000| Untracked 
|  47|0x0000000082f00000, 0x0000000082f00000, 0x0000000083000000|  0%| F|  |TAMS 0x0000000082f00000, 0x0000000082f00000| Untracked 
|  48|0x0000000083000000, 0x0000000083000000, 0x0000000083100000|  0%| F|  |TAMS 0x0000000083000000, 0x0000000083000000| Untracked 
|  49|0x0000000083100000, 0x0000000083100000, 0x0000000083200000|  0%| F|  |TAMS 0x0000000083100000, 0x0000000083100000| Untracked 
|  50|0x0000000083200000, 0x0000000083200000, 0x0000000083300000|  0%| F|  |TAMS 0x0000000083200000, 0x0000000083200000| Untracked 
|  51|0x0000000083300000, 0x0000000083300000, 0x0000000083400000|  0%| F|  |TAMS 0x0000000083300000, 0x0000000083300000| Untracked 
|  52|0x0000000083400000, 0x0000000083400000, 0x0000000083500000|  0%| F|  |TAMS 0x0000000083400000, 0x0000000083400000| Untracked 
|  53|0x0000000083500000, 0x0000000083500000, 0x0000000083600000|  0%| F|  |TAMS 0x0000000083500000, 0x0000000083500000| Untracked 
|  54|0x0000000083600000, 0x0000000083600000, 0x0000000083700000|  0%| F|  |TAMS 0x0000000083600000, 0x0000000083600000| Untracked 
|  55|0x0000000083700000, 0x0000000083700000, 0x0000000083800000|  0%| F|  |TAMS 0x0000000083700000, 0x0000000083700000| Untracked 
|  56|0x0000000083800000, 0x0000000083800000, 0x0000000083900000|  0%| F|  |TAMS 0x0000000083800000, 0x0000000083800000| Untracked 
|  57|0x0000000083900000, 0x0000000083900000, 0x0000000083a00000|  0%| F|  |TAMS 0x0000000083900000, 0x0000000083900000| Untracked 
|  58|0x0000000083a00000, 0x0000000083a00000, 0x0000000083b00000|  0%| F|  |TAMS 0x0000000083a00000, 0x0000000083a00000| Untracked 
|  59|0x0000000083b00000, 0x0000000083b00000, 0x0000000083c00000|  0%| F|  |TAMS 0x0000000083b00000, 0x0000000083b00000| Untracked 
|  60|0x0000000083c00000, 0x0000000083c00000, 0x0000000083d00000|  0%| F|  |TAMS 0x0000000083c00000, 0x0000000083c00000| Untracked 
|  61|0x0000000083d00000, 0x0000000083d00000, 0x0000000083e00000|  0%| F|  |TAMS 0x0000000083d00000, 0x0000000083d00000| Untracked 
|  62|0x0000000083e00000, 0x0000000083e00000, 0x0000000083f00000|  0%| F|  |TAMS 0x0000000083e00000, 0x0000000083e00000| Untracked 
|  63|0x0000000083f00000, 0x0000000083f00000, 0x0000000084000000|  0%| F|  |TAMS 0x0000000083f00000, 0x0000000083f00000| Untracked 
|  64|0x0000000084000000, 0x0000000084000000, 0x0000000084100000|  0%| F|  |TAMS 0x0000000084000000, 0x0000000084000000| Untracked 
|  65|0x0000000084100000, 0x0000000084100000, 0x0000000084200000|  0%| F|  |TAMS 0x0000000084100000, 0x0000000084100000| Untracked 
|  66|0x0000000084200000, 0x0000000084200000, 0x0000000084300000|  0%| F|  |TAMS 0x0000000084200000, 0x0000000084200000| Untracked 
|  67|0x0000000084300000, 0x0000000084300000, 0x0000000084400000|  0%| F|  |TAMS 0x0000000084300000, 0x0000000084300000| Untracked 
|  68|0x0000000084400000, 0x0000000084400000, 0x0000000084500000|  0%| F|  |TAMS 0x0000000084400000, 0x0000000084400000| Untracked 
|  69|0x0000000084500000, 0x0000000084500000, 0x0000000084600000|  0%| F|  |TAMS 0x0000000084500000, 0x0000000084500000| Untracked 
|  70|0x0000000084600000, 0x0000000084600000, 0x0000000084700000|  0%| F|  |TAMS 0x0000000084600000, 0x0000000084600000| Untracked 
|  71|0x0000000084700000, 0x0000000084700000, 0x0000000084800000|  0%| F|  |TAMS 0x0000000084700000, 0x0000000084700000| Untracked 
|  72|0x0000000084800000, 0x0000000084800000, 0x0000000084900000|  0%| F|  |TAMS 0x0000000084800000, 0x0000000084800000| Untracked 
|  73|0x0000000084900000, 0x0000000084900000, 0x0000000084a00000|  0%| F|  |TAMS 0x0000000084900000, 0x0000000084900000| Untracked 
|  74|0x0000000084a00000, 0x0000000084a00000, 0x0000000084b00000|  0%| F|  |TAMS 0x0000000084a00000, 0x0000000084a00000| Untracked 
|  75|0x0000000084b00000, 0x0000000084b00000, 0x0000000084c00000|  0%| F|  |TAMS 0x0000000084b00000, 0x0000000084b00000| Untracked 
|  76|0x0000000084c00000, 0x0000000084c00000, 0x0000000084d00000|  0%| F|  |TAMS 0x0000000084c00000, 0x0000000084c00000| Untracked 
|  77|0x0000000084d00000, 0x0000000084d00000, 0x0000000084e00000|  0%| F|  |TAMS 0x0000000084d00000, 0x0000000084d00000| Untracked 
|  78|0x0000000084e00000, 0x0000000084e00000, 0x0000000084f00000|  0%| F|  |TAMS 0x0000000084e00000, 0x0000000084e00000| Untracked 
|  79|0x0000000084f00000, 0x0000000084f00000, 0x0000000085000000|  0%| F|  |TAMS 0x0000000084f00000, 0x0000000084f00000| Untracked 
|  80|0x0000000085000000, 0x0000000085000000, 0x0000000085100000|  0%| F|  |TAMS 0x0000000085000000, 0x0000000085000000| Untracked 
|  81|0x0000000085100000, 0x0000000085100000, 0x0000000085200000|  0%| F|  |TAMS 0x0000000085100000, 0x0000000085100000| Untracked 
|  82|0x0000000085200000, 0x0000000085200000, 0x0000000085300000|  0%| F|  |TAMS 0x0000000085200000, 0x0000000085200000| Untracked 
|  83|0x0000000085300000, 0x0000000085300000, 0x0000000085400000|  0%| F|  |TAMS 0x0000000085300000, 0x0000000085300000| Untracked 
|  84|0x0000000085400000, 0x0000000085400000, 0x0000000085500000|  0%| F|  |TAMS 0x0000000085400000, 0x0000000085400000| Untracked 
|  85|0x0000000085500000, 0x0000000085500000, 0x0000000085600000|  0%| F|  |TAMS 0x0000000085500000, 0x0000000085500000| Untracked 
|  86|0x0000000085600000, 0x0000000085600000, 0x0000000085700000|  0%| F|  |TAMS 0x0000000085600000, 0x0000000085600000| Untracked 
|  87|0x0000000085700000, 0x0000000085700000, 0x0000000085800000|  0%| F|  |TAMS 0x0000000085700000, 0x0000000085700000| Untracked 
|  88|0x0000000085800000, 0x0000000085800000, 0x0000000085900000|  0%| F|  |TAMS 0x0000000085800000, 0x0000000085800000| Untracked 
|  89|0x0000000085900000, 0x0000000085900000, 0x0000000085a00000|  0%| F|  |TAMS 0x0000000085900000, 0x0000000085900000| Untracked 
|  90|0x0000000085a00000, 0x0000000085a00000, 0x0000000085b00000|  0%| F|  |TAMS 0x0000000085a00000, 0x0000000085a00000| Untracked 
|  91|0x0000000085b00000, 0x0000000085b00000, 0x0000000085c00000|  0%| F|  |TAMS 0x0000000085b00000, 0x0000000085b00000| Untracked 
|  92|0x0000000085c00000, 0x0000000085c00000, 0x0000000085d00000|  0%| F|  |TAMS 0x0000000085c00000, 0x0000000085c00000| Untracked 
|  93|0x0000000085d00000, 0x0000000085d00000, 0x0000000085e00000|  0%| F|  |TAMS 0x0000000085d00000, 0x0000000085d00000| Untracked 
|  94|0x0000000085e00000, 0x0000000085e00000, 0x0000000085f00000|  0%| F|  |TAMS 0x0000000085e00000, 0x0000000085e00000| Untracked 
|  95|0x0000000085f00000, 0x0000000085f00000, 0x0000000086000000|  0%| F|  |TAMS 0x0000000085f00000, 0x0000000085f00000| Untracked 
|  96|0x0000000086000000, 0x0000000086000000, 0x0000000086100000|  0%| F|  |TAMS 0x0000000086000000, 0x0000000086000000| Untracked 
|  97|0x0000000086100000, 0x00000000861272a0, 0x0000000086200000| 15%| S|CS|TAMS 0x0000000086100000, 0x0000000086100000| Complete 
|  98|0x0000000086200000, 0x0000000086300000, 0x0000000086300000|100%| S|CS|TAMS 0x0000000086200000, 0x0000000086200000| Complete 
|  99|0x0000000086300000, 0x0000000086300000, 0x0000000086400000|  0%| F|  |TAMS 0x0000000086300000, 0x0000000086300000| Untracked 
| 100|0x0000000086400000, 0x0000000086400000, 0x0000000086500000|  0%| F|  |TAMS 0x0000000086400000, 0x0000000086400000| Untracked 
| 101|0x0000000086500000, 0x0000000086500000, 0x0000000086600000|  0%| F|  |TAMS 0x0000000086500000, 0x0000000086500000| Untracked 
| 102|0x0000000086600000, 0x0000000086680800, 0x0000000086700000| 50%| E|  |TAMS 0x0000000086600000, 0x0000000086600000| Complete 
| 103|0x0000000086700000, 0x0000000086800000, 0x0000000086800000|100%| E|CS|TAMS 0x0000000086700000, 0x0000000086700000| Complete 
| 104|0x0000000086800000, 0x0000000086900000, 0x0000000086900000|100%| E|CS|TAMS 0x0000000086800000, 0x0000000086800000| Complete 
| 105|0x0000000086900000, 0x0000000086a00000, 0x0000000086a00000|100%| E|CS|TAMS 0x0000000086900000, 0x0000000086900000| Complete 
| 106|0x0000000086a00000, 0x0000000086b00000, 0x0000000086b00000|100%| E|CS|TAMS 0x0000000086a00000, 0x0000000086a00000| Complete 
| 107|0x0000000086b00000, 0x0000000086c00000, 0x0000000086c00000|100%| E|CS|TAMS 0x0000000086b00000, 0x0000000086b00000| Complete 
| 108|0x0000000086c00000, 0x0000000086d00000, 0x0000000086d00000|100%| E|CS|TAMS 0x0000000086c00000, 0x0000000086c00000| Complete 
| 109|0x0000000086d00000, 0x0000000086e00000, 0x0000000086e00000|100%| E|CS|TAMS 0x0000000086d00000, 0x0000000086d00000| Complete 
| 110|0x0000000086e00000, 0x0000000086f00000, 0x0000000086f00000|100%| E|CS|TAMS 0x0000000086e00000, 0x0000000086e00000| Complete 
| 111|0x0000000086f00000, 0x0000000087000000, 0x0000000087000000|100%| E|CS|TAMS 0x0000000086f00000, 0x0000000086f00000| Complete 
| 112|0x0000000087000000, 0x0000000087100000, 0x0000000087100000|100%| E|CS|TAMS 0x0000000087000000, 0x0000000087000000| Complete 
| 113|0x0000000087100000, 0x0000000087200000, 0x0000000087200000|100%| E|CS|TAMS 0x0000000087100000, 0x0000000087100000| Complete 
| 114|0x0000000087200000, 0x0000000087300000, 0x0000000087300000|100%| E|CS|TAMS 0x0000000087200000, 0x0000000087200000| Complete 
| 115|0x0000000087300000, 0x0000000087400000, 0x0000000087400000|100%| E|CS|TAMS 0x0000000087300000, 0x0000000087300000| Complete 
| 116|0x0000000087400000, 0x0000000087500000, 0x0000000087500000|100%| E|CS|TAMS 0x0000000087400000, 0x0000000087400000| Complete 
| 117|0x0000000087500000, 0x0000000087600000, 0x0000000087600000|100%| E|CS|TAMS 0x0000000087500000, 0x0000000087500000| Complete 
| 118|0x0000000087600000, 0x0000000087700000, 0x0000000087700000|100%| E|CS|TAMS 0x0000000087600000, 0x0000000087600000| Complete 
| 119|0x0000000087700000, 0x0000000087800000, 0x0000000087800000|100%| E|CS|TAMS 0x0000000087700000, 0x0000000087700000| Complete 
| 120|0x0000000087800000, 0x0000000087900000, 0x0000000087900000|100%| E|CS|TAMS 0x0000000087800000, 0x0000000087800000| Complete 
| 121|0x0000000087900000, 0x0000000087a00000, 0x0000000087a00000|100%| E|CS|TAMS 0x0000000087900000, 0x0000000087900000| Complete 
| 122|0x0000000087a00000, 0x0000000087b00000, 0x0000000087b00000|100%| E|CS|TAMS 0x0000000087a00000, 0x0000000087a00000| Complete 
| 123|0x0000000087b00000, 0x0000000087c00000, 0x0000000087c00000|100%| E|CS|TAMS 0x0000000087b00000, 0x0000000087b00000| Complete 
| 124|0x0000000087c00000, 0x0000000087d00000, 0x0000000087d00000|100%| E|CS|TAMS 0x0000000087c00000, 0x0000000087c00000| Complete 
| 125|0x0000000087d00000, 0x0000000087e00000, 0x0000000087e00000|100%| E|CS|TAMS 0x0000000087d00000, 0x0000000087d00000| Complete 
| 126|0x0000000087e00000, 0x0000000087f00000, 0x0000000087f00000|100%| E|CS|TAMS 0x0000000087e00000, 0x0000000087e00000| Complete 
| 127|0x0000000087f00000, 0x0000000088000000, 0x0000000088000000|100%| E|CS|TAMS 0x0000000087f00000, 0x0000000087f00000| Complete 

Card table byte_map: [0x00000228395d0000,0x00000228399d0000] _byte_map_base: 0x00000228391d0000

Marking Bits (Prev, Next): (CMBitMap*) 0x000002282492caa0, (CMBitMap*) 0x000002282492ca68
 Prev Bits: [0x000002283bdd0000, 0x000002283ddd0000)
 Next Bits: [0x0000022839dd0000, 0x000002283bdd0000)

Polling page: 0x0000022824760000

Metaspace:

Usage:
  Non-class:     20.05 MB capacity,    19.69 MB ( 98%) used,   324.59 KB (  2%) free+waste,    38.94 KB ( <1%) overhead. 
      Class:      3.03 MB capacity,     2.86 MB ( 95%) used,   150.40 KB (  5%) free+waste,    19.25 KB ( <1%) overhead. 
       Both:     23.07 MB capacity,    22.55 MB ( 98%) used,   474.98 KB (  2%) free+waste,    58.19 KB ( <1%) overhead. 

Virtual space:
  Non-class space:       22.00 MB reserved,      20.25 MB ( 92%) committed 
      Class space:        1.00 GB reserved,       3.13 MB ( <1%) committed 
             Both:        1.02 GB reserved,      23.38 MB (  2%) committed 

Chunk freelists:
   Non-Class:  16.00 KB
       Class:  4.00 KB
        Both:  20.00 KB

MaxMetaspaceSize: 17179869184.00 GB
CompressedClassSpaceSize: 1.00 GB
Initial GC threshold: 20.80 MB
Current GC threshold: 35.00 MB
CDS: off

CodeHeap 'non-profiled nmethods': size=120064Kb used=998Kb max_used=998Kb free=119065Kb
 bounds [0x0000022831670000, 0x00000228318e0000, 0x0000022838bb0000]
CodeHeap 'profiled nmethods': size=120000Kb used=4431Kb max_used=4431Kb free=115569Kb
 bounds [0x000002282a140000, 0x000002282a5a0000, 0x0000022831670000]
CodeHeap 'non-nmethods': size=5696Kb used=1218Kb max_used=1252Kb free=4477Kb
 bounds [0x0000022829bb0000, 0x0000022829e20000, 0x000002282a140000]
 total_blobs=2550 nmethods=2064 adapters=398
 compilation: enabled
              stopped_count=0, restarted_count=0
 full_count=0

Compilation events (20 events):
Event: 12.076 Thread 0x000002284043f000 nmethod 2038 0x000002282a57bc90 code [0x000002282a57be60, 0x000002282a57c258]
Event: 12.131 Thread 0x000002284043f000 2039       3       java.util.concurrent.locks.ReentrantLock::lockInterruptibly (9 bytes)
Event: 12.132 Thread 0x000002284043f000 nmethod 2039 0x000002282a57c310 code [0x000002282a57c520, 0x000002282a57c978]
Event: 12.132 Thread 0x000002284043f000 2040       3       java.util.concurrent.locks.AbstractQueuedSynchronizer::acquireInterruptibly (28 bytes)
Event: 12.132 Thread 0x000002284043f000 nmethod 2040 0x000002282a57cb10 code [0x000002282a57cd00, 0x000002282a57d0f8]
Event: 12.146 Thread 0x000002284043f000 2041       3       java.util.concurrent.ConcurrentLinkedQueue::poll (84 bytes)
Event: 12.150 Thread 0x000002284043f000 nmethod 2041 0x000002282a57d290 code [0x000002282a57d8e0, 0x000002282a580d28]
Event: 12.150 Thread 0x000002284043f000 2042       3       java.util.concurrent.ConcurrentLinkedQueue::updateHead (26 bytes)
Event: 12.152 Thread 0x000002284043f000 nmethod 2042 0x000002282a581c10 code [0x000002282a581f80, 0x000002282a5833e8]
Event: 12.162 Thread 0x000002284043f000 2043       3       java.util.concurrent.locks.LockSupport::parkNanos (29 bytes)
Event: 12.163 Thread 0x000002284043f000 nmethod 2043 0x000002282a583a10 code [0x000002282a583be0, 0x000002282a583f08]
Event: 12.178 Thread 0x000002284043f000 2045       3       java.util.concurrent.locks.AbstractQueuedSynchronizer$ConditionObject::awaitNanos (181 bytes)
Event: 12.181 Thread 0x000002284043f000 nmethod 2045 0x000002282a584010 code [0x000002282a584420, 0x000002282a585ff8]
Event: 12.193 Thread 0x000002284043f000 2046       3       java.util.concurrent.locks.AbstractQueuedSynchronizer$Node::setPrevRelaxed (9 bytes)
Event: 12.194 Thread 0x000002284043f000 nmethod 2046 0x000002282a586b90 code [0x000002282a586de0, 0x000002282a5875d8]
Event: 12.195 Thread 0x000002284043f000 2047       3       java.util.concurrent.locks.AbstractQueuedSynchronizer::compareAndSetTail (10 bytes)
Event: 12.195 Thread 0x000002284043f000 nmethod 2047 0x000002282a587890 code [0x000002282a587b20, 0x000002282a5885d8]
Event: 12.195 Thread 0x000002284043f000 2048       3       java.util.concurrent.locks.AbstractQueuedSynchronizer$Node::predecessor (19 bytes)
Event: 12.195 Thread 0x000002284043f000 nmethod 2048 0x000002282a588990 code [0x000002282a588b60, 0x000002282a588d48]
Event: 12.332 Thread 0x000002284043f000 2049   !   3       java.util.concurrent.LinkedBlockingQueue::poll (128 bytes)

GC Heap History (10 events):
Event: 1.118 GC heap before
{Heap before GC invocations=0 (full 0):
 garbage-first heap   total 131072K, used 20480K [0x0000000080000000, 0x0000000100000000)
  region size 1024K, 14 young (14336K), 0 survivors (0K)
 Metaspace       used 6744K, capacity 6925K, committed 7168K, reserved 1056768K
  class space    used 582K, capacity 650K, committed 768K, reserved 1048576K
}
Event: 1.125 GC heap after
{Heap after GC invocations=1 (full 0):
 garbage-first heap   total 131072K, used 7769K [0x0000000080000000, 0x0000000100000000)
  region size 1024K, 2 young (2048K), 2 survivors (2048K)
 Metaspace       used 6744K, capacity 6925K, committed 7168K, reserved 1056768K
  class space    used 582K, capacity 650K, committed 768K, reserved 1048576K
}
Event: 1.749 GC heap before
{Heap before GC invocations=1 (full 0):
 garbage-first heap   total 131072K, used 19033K [0x0000000080000000, 0x0000000100000000)
  region size 1024K, 13 young (13312K), 2 survivors (2048K)
 Metaspace       used 10276K, capacity 10495K, committed 10624K, reserved 1058816K
  class space    used 1072K, capacity 1141K, committed 1152K, reserved 1048576K
}
Event: 1.754 GC heap after
{Heap after GC invocations=2 (full 0):
 garbage-first heap   total 131072K, used 9381K [0x0000000080000000, 0x0000000100000000)
  region size 1024K, 2 young (2048K), 2 survivors (2048K)
 Metaspace       used 10276K, capacity 10495K, committed 10624K, reserved 1058816K
  class space    used 1072K, capacity 1141K, committed 1152K, reserved 1048576K
}
Event: 3.139 GC heap before
{Heap before GC invocations=2 (full 0):
 garbage-first heap   total 131072K, used 38053K [0x0000000080000000, 0x0000000100000000)
  region size 1024K, 30 young (30720K), 2 survivors (2048K)
 Metaspace       used 11233K, capacity 11450K, committed 11520K, reserved 1058816K
  class space    used 1175K, capacity 1246K, committed 1280K, reserved 1048576K
}
Event: 3.145 GC heap after
{Heap after GC invocations=3 (full 0):
 garbage-first heap   total 131072K, used 12716K [0x0000000080000000, 0x0000000100000000)
  region size 1024K, 4 young (4096K), 4 survivors (4096K)
 Metaspace       used 11233K, capacity 11450K, committed 11520K, reserved 1058816K
  class space    used 1175K, capacity 1246K, committed 1280K, reserved 1048576K
}
Event: 9.432 GC heap before
{Heap before GC invocations=3 (full 0):
 garbage-first heap   total 131072K, used 54700K [0x0000000080000000, 0x0000000100000000)
  region size 1024K, 45 young (46080K), 4 survivors (4096K)
 Metaspace       used 17604K, capacity 18009K, committed 18176K, reserved 1064960K
  class space    used 2071K, capacity 2179K, committed 2304K, reserved 1048576K
}
Event: 9.444 GC heap after
{Heap after GC invocations=4 (full 0):
 garbage-first heap   total 131072K, used 15757K [0x0000000080000000, 0x0000000100000000)
  region size 1024K, 6 young (6144K), 6 survivors (6144K)
 Metaspace       used 17604K, capacity 18009K, committed 18176K, reserved 1064960K
  class space    used 2071K, capacity 2179K, committed 2304K, reserved 1048576K
}
Event: 11.347 GC heap before
{Heap before GC invocations=4 (full 0):
 garbage-first heap   total 131072K, used 43405K [0x0000000080000000, 0x0000000100000000)
  region size 1024K, 35 young (35840K), 6 survivors (6144K)
 Metaspace       used 20726K, capacity 21141K, committed 21248K, reserved 1067008K
  class space    used 2544K, capacity 2712K, committed 2816K, reserved 1048576K
}
Event: 11.358 GC heap after
{Heap after GC invocations=5 (full 0):
 garbage-first heap   total 131072K, used 17545K [0x0000000080000000, 0x0000000100000000)
  region size 1024K, 2 young (2048K), 2 survivors (2048K)
 Metaspace       used 20726K, capacity 21141K, committed 21248K, reserved 1067008K
  class space    used 2544K, capacity 2712K, committed 2816K, reserved 1048576K
}

Deoptimization events (20 events):
Event: 11.047 Thread 0x0000022840e97000 Uncommon trap: trap_request=0xffffff4d fr.pc=0x00000228316dd5f8 relative=0x0000000000000218
Event: 11.047 Thread 0x0000022840e97000 Uncommon trap: reason=unstable_if action=reinterpret pc=0x00000228316dd5f8 method=java.util.regex.Matcher.reset()Ljava/util/regex/Matcher; @ 71 c2
Event: 11.047 Thread 0x0000022840e97000 DEOPT PACKING pc=0x00000228316dd5f8 sp=0x000000910e7f8b60
Event: 11.047 Thread 0x0000022840e97000 DEOPT UNPACKING pc=0x0000022829bfa1af sp=0x000000910e7f8ae8 mode 2
Event: 11.047 Thread 0x0000022840e97000 Uncommon trap: trap_request=0xffffff4d fr.pc=0x0000022831688bdc relative=0x000000000000043c
Event: 11.047 Thread 0x0000022840e97000 Uncommon trap: reason=unstable_if action=reinterpret pc=0x0000022831688bdc method=java.util.regex.Matcher.match(II)Z @ 76 c2
Event: 11.047 Thread 0x0000022840e97000 DEOPT PACKING pc=0x0000022831688bdc sp=0x000000910e7f8b90
Event: 11.047 Thread 0x0000022840e97000 DEOPT UNPACKING pc=0x0000022829bfa1af sp=0x000000910e7f8b60 mode 2
Event: 11.297 Thread 0x0000022840e97000 Uncommon trap: trap_request=0xffffffc6 fr.pc=0x00000228316e72a4 relative=0x0000000000000084
Event: 11.297 Thread 0x0000022840e97000 Uncommon trap: reason=bimorphic_or_optimized_type_check action=maybe_recompile pc=0x00000228316e72a4 method=java.util.AbstractList$Itr.hasNext()Z @ 8 c2
Event: 11.297 Thread 0x0000022840e97000 DEOPT PACKING pc=0x00000228316e72a4 sp=0x000000910e7fa980
Event: 11.297 Thread 0x0000022840e97000 DEOPT UNPACKING pc=0x0000022829bfa1af sp=0x000000910e7fa918 mode 2
Event: 11.297 Thread 0x0000022840e97000 Uncommon trap: trap_request=0xffffffc6 fr.pc=0x00000228316e7640 relative=0x0000000000000100
Event: 11.297 Thread 0x0000022840e97000 Uncommon trap: reason=bimorphic_or_optimized_type_check action=maybe_recompile pc=0x00000228316e7640 method=java.util.AbstractList$Itr.next()Ljava/lang/Object; @ 14 c2
Event: 11.297 Thread 0x0000022840e97000 DEOPT PACKING pc=0x00000228316e7640 sp=0x000000910e7fa970
Event: 11.297 Thread 0x0000022840e97000 DEOPT UNPACKING pc=0x0000022829bfa1af sp=0x000000910e7fa908 mode 2
Event: 11.299 Thread 0x0000022840e97000 Uncommon trap: trap_request=0xffffff4d fr.pc=0x00000228316e1e10 relative=0x0000000000000450
Event: 11.299 Thread 0x0000022840e97000 Uncommon trap: reason=unstable_if action=reinterpret pc=0x00000228316e1e10 method=java.lang.String.substring(I)Ljava/lang/String; @ 34 c2
Event: 11.299 Thread 0x0000022840e97000 DEOPT PACKING pc=0x00000228316e1e10 sp=0x000000910e7fb2d0
Event: 11.299 Thread 0x0000022840e97000 DEOPT UNPACKING pc=0x0000022829bfa1af sp=0x000000910e7fb2a8 mode 2

Classes redefined (0 events):
No events

Internal exceptions (20 events):
Event: 1.148 Thread 0x00000228248eb000 Exception <a 'java/lang/NoClassDefFoundError'{0x0000000087fad5d0}: org/slf4j/impl/StaticMarkerBinder> (0x0000000087fad5d0) thrown at [./src/hotspot/share/classfile/systemDictionary.cpp, line 220]
Event: 1.291 Thread 0x00000228248eb000 Exception <a 'java/lang/NoSuchMethodError'{0x0000000087b43f80}: 'java.lang.Object java.lang.invoke.DirectMethodHandle$Holder.invokeVirtual(java.lang.Object, java.lang.Object, java.lang.Object, java.lang.Object, java.lang.Object, java.lang.Object, java.lang.Object)'> (0x0000000087b43f80) thrown at [./src/hotspot/share/interpreter/linkResolver.cpp, line 773]
Event: 1.295 Thread 0x00000228248eb000 Exception <a 'java/lang/NoSuchMethodError'{0x0000000087b58430}: 'java.lang.Object java.lang.invoke.Invokers$Holder.invoker(java.lang.Object, java.lang.Object, java.lang.Object)'> (0x0000000087b58430) thrown at [./src/hotspot/share/interpreter/linkResolver.cpp, line 773]
Event: 1.300 Thread 0x00000228248eb000 Exception <a 'java/lang/NoSuchMethodError'{0x0000000087b694a8}: 'void java.lang.invoke.DelegatingMethodHandle$Holder.delegate(java.lang.Object, java.lang.Object, int, java.lang.Object)'> (0x0000000087b694a8) thrown at [./src/hotspot/share/interpreter/linkResolver.cpp, line 773]
Event: 3.453 Thread 0x00000228248eb000 Exception <a 'java/security/PrivilegedActionException'{0x0000000087974258}> (0x0000000087974258) thrown at [./src/hotspot/share/prims/jvm.cpp, line 1306]
Event: 3.453 Thread 0x00000228248eb000 Exception <a 'java/security/PrivilegedActionException'{0x00000000879747d0}> (0x00000000879747d0) thrown at [./src/hotspot/share/prims/jvm.cpp, line 1306]
Event: 4.614 Thread 0x00000228248eb000 Exception <a 'java/lang/NoSuchMethodError'{0x000000008688f548}: 'java.lang.Object java.lang.invoke.DirectMethodHandle$Holder.invokeStaticInit(java.lang.Object, java.lang.Object, java.lang.Object)'> (0x000000008688f548) thrown at [./src/hotspot/share/interpreter/linkResolver.cpp, line 773]
Event: 5.003 Thread 0x00000228248eb000 Exception <a 'java/lang/NoSuchMethodError'{0x00000000862e2d28}: 'java.lang.Object java.lang.invoke.DirectMethodHandle$Holder.invokeStaticInit(java.lang.Object, int, int, int, int)'> (0x00000000862e2d28) thrown at [./src/hotspot/share/interpreter/linkResolver.cpp, line 773]
Event: 5.628 Thread 0x00000228248eb000 Exception <a 'java/lang/NoSuchMethodError'{0x0000000085d1d758}: 'java.lang.Object java.lang.invoke.DirectMethodHandle$Holder.invokeStaticInit(java.lang.Object, java.lang.Object, int, int, int, int)'> (0x0000000085d1d758) thrown at [./src/hotspot/share/interpreter/linkResolver.cpp, line 773]
Event: 6.914 Thread 0x00000228248eb000 Exception <a 'java/io/IOException'{0x0000000085cf2f68}> (0x0000000085cf2f68) thrown at [./src/hotspot/share/prims/jni.cpp, line 615]
Event: 8.172 Thread 0x0000022840e97000 Exception <a 'java/lang/NoSuchMethodError'{0x00000000856bfe08}: 'long java.lang.invoke.DirectMethodHandle$Holder.invokeInterface(java.lang.Object, java.lang.Object)'> (0x00000000856bfe08) thrown at [./src/hotspot/share/interpreter/linkResolver.cpp, line 773]
Event: 8.174 Thread 0x0000022840e97000 Exception <a 'java/lang/NoSuchMethodError'{0x00000000856ccea8}: 'void java.lang.invoke.DelegatingMethodHandle$Holder.reinvoke_L(java.lang.Object, java.lang.Object, java.lang.Object, java.lang.Object, java.lang.Object, java.lang.Object, java.lang.Object)'> (0x00000000856ccea8) thrown at [./src/hotspot/share/interpreter/linkResolver.cpp, line 773]
Event: 10.923 Thread 0x0000022840e97000 Exception <a 'java/lang/NoSuchMethodError'{0x000000008670e098}: 'void java.lang.invoke.DirectMethodHandle$Holder.invokeStaticInit(java.lang.Object)'> (0x000000008670e098) thrown at [./src/hotspot/share/interpreter/linkResolver.cpp, line 773]
Event: 10.983 Thread 0x0000022840e97000 Exception <a 'java/lang/NoSuchMethodError'{0x00000000867bb6a8}: 'java.lang.Object java.lang.invoke.DirectMethodHandle$Holder.invokeStatic(java.lang.Object, java.lang.Object, java.lang.Object, int)'> (0x00000000867bb6a8) thrown at [./src/hotspot/share/interpreter/linkResolver.cpp, line 773]
Event: 10.987 Thread 0x0000022840e97000 Exception <a 'java/lang/NoSuchMethodError'{0x00000000867bfdc0}: 'java.lang.Object java.lang.invoke.DirectMethodHandle$Holder.invokeSpecial(java.lang.Object, java.lang.Object, java.lang.Object, java.lang.Object, int)'> (0x00000000867bfdc0) thrown at [./src/hotspot/share/interpreter/linkResolver.cpp, line 773]
Event: 10.988 Thread 0x0000022840e97000 Exception <a 'java/lang/NoSuchMethodError'{0x00000000867c3cf8}: 'java.lang.Object java.lang.invoke.Invokers$Holder.linkToTargetMethod(java.lang.Object, java.lang.Object, int, java.lang.Object)'> (0x00000000867c3cf8) thrown at [./src/hotspot/share/interpreter/linkResolver.cpp, line 773]
Event: 11.513 Thread 0x0000022840e97000 Exception <a 'java/lang/NoSuchMethodError'{0x0000000087d2ea48}: 'int java.lang.invoke.DirectMethodHandle$Holder.invokeSpecialIFC(java.lang.Object, java.lang.Object, java.lang.Object, java.lang.Object)'> (0x0000000087d2ea48) thrown at [./src/hotspot/share/interpreter/linkResolver.cpp, line 773]
Event: 11.516 Thread 0x0000022840e97000 Exception <a 'java/lang/NoSuchMethodError'{0x0000000087d3ca00}: 'java.lang.Object java.lang.invoke.DirectMethodHandle$Holder.invokeInterface(java.lang.Object, java.lang.Object, java.lang.Object)'> (0x0000000087d3ca00) thrown at [./src/hotspot/share/interpreter/linkResolver.cpp, line 773]
Event: 11.517 Thread 0x0000022840e97000 Exception <a 'java/lang/IncompatibleClassChangeError'{0x0000000087d3fed8}: Found class java.lang.Object, but interface was expected> (0x0000000087d3fed8) thrown at [./src/hotspot/share/interpreter/linkResolver.cpp, line 839]
Event: 11.919 Thread 0x0000022840e97000 Exception <a 'java/lang/NoSuchMethodError'{0x00000000872e5698}: 'java.lang.Object java.lang.invoke.DirectMethodHandle$Holder.invokeSpecial(java.lang.Object, java.lang.Object, java.lang.Object, java.lang.Object, java.lang.Object, java.lang.Object, java.lang.Object, java.lang.Object, java.lang.Object)'> (0x00000000872e5698) thrown at [./src/hotspot/share/interpreter/linkResolver.cpp, line 773]

Events (20 events):
Event: 12.248 loading class org/gradle/api/internal/artifacts/ivyservice/modulecache/SuppliedComponentMetadataSerializer
Event: 12.248 loading class org/gradle/api/internal/artifacts/ivyservice/modulecache/SuppliedComponentMetadataSerializer done
Event: 12.248 loading class org/gradle/internal/resolve/caching/ComponentMetadataSupplierRuleExecutor
Event: 12.248 loading class org/gradle/internal/resolve/caching/ComponentMetadataSupplierRuleExecutor done
Event: 12.252 loading class org/gradle/internal/resolve/caching/CrossBuildCachingRuleExecutor
Event: 12.252 loading class org/gradle/internal/resolve/caching/CrossBuildCachingRuleExecutor done
Event: 12.271 loading class org/gradle/internal/resolve/caching/CachingRuleExecutor
Event: 12.271 loading class org/gradle/internal/resolve/caching/CachingRuleExecutor done
Event: 12.272 loading class org/gradle/api/internal/artifacts/repositories/transport/RepositoryTransportFactory
Event: 12.272 loading class org/gradle/api/internal/artifacts/repositories/transport/RepositoryTransportFactory done
Event: 12.287 loading class org/gradle/api/internal/artifacts/ivyservice/modulecache/ModuleComponentResolveMetadataSerializer
Event: 12.287 loading class org/gradle/api/internal/artifacts/ivyservice/modulecache/ModuleComponentResolveMetadataSerializer done
Event: 12.294 loading class org/gradle/internal/resolve/caching/ComponentMetadataRuleExecutor
Event: 12.294 loading class org/gradle/internal/resolve/caching/ComponentMetadataRuleExecutor done
Event: 12.297 loading class org/gradle/api/internal/artifacts/ivyservice/modulecache/FileStoreAndIndexProvider
Event: 12.297 loading class org/gradle/api/internal/artifacts/ivyservice/modulecache/FileStoreAndIndexProvider done
Event: 12.300 loading class org/gradle/internal/verifier/HttpRedirectVerifier
Event: 12.300 loading class org/gradle/internal/verifier/HttpRedirectVerifier done
Event: 12.302 loading class org/gradle/api/internal/artifacts/ivyservice/ivyresolve/verification/DependencyVerificationOverride
Event: 12.302 loading class org/gradle/api/internal/artifacts/ivyservice/ivyresolve/verification/DependencyVerificationOverride done


Dynamic libraries:
0x00007ff69c1c0000 - 0x00007ff69c1ca000 	C:\Program Files\Android\Android Studio\jre\bin\java.exe
0x00007ffaaf610000 - 0x00007ffaaf805000 	C:\WINDOWS\SYSTEM32\ntdll.dll
0x00007ffaaef10000 - 0x00007ffaaefcd000 	C:\WINDOWS\System32\KERNEL32.DLL
0x00007ffaad280000 - 0x00007ffaad54d000 	C:\WINDOWS\System32\KERNELBASE.dll
0x00007ffaacf10000 - 0x00007ffaad010000 	C:\WINDOWS\System32\ucrtbase.dll
0x00007ffa99c80000 - 0x00007ffa99c97000 	C:\Program Files\Android\Android Studio\jre\bin\VCRUNTIME140.dll
0x00007ffa97390000 - 0x00007ffa973a9000 	C:\Program Files\Android\Android Studio\jre\bin\jli.dll
0x00007ffaaed70000 - 0x00007ffaaef10000 	C:\WINDOWS\System32\USER32.dll
0x00007ffaace70000 - 0x00007ffaace92000 	C:\WINDOWS\System32\win32u.dll
0x00007ffaae240000 - 0x00007ffaae26a000 	C:\WINDOWS\System32\GDI32.dll
0x00007ffaad550000 - 0x00007ffaad65b000 	C:\WINDOWS\System32\gdi32full.dll
0x00007ffaacd20000 - 0x00007ffaacdbd000 	C:\WINDOWS\System32\msvcp_win.dll
0x00007ffaa5150000 - 0x00007ffaa53ea000 	C:\WINDOWS\WinSxS\amd64_microsoft.windows.common-controls_6595b64144ccf1df_6.0.19041.1110_none_60b5254171f9507e\COMCTL32.dll
0x00007ffaaec70000 - 0x00007ffaaed0e000 	C:\WINDOWS\System32\msvcrt.dll
0x00007ffaaefd0000 - 0x00007ffaaf000000 	C:\WINDOWS\System32\IMM32.DLL
0x00007ffa79170000 - 0x00007ffa7920d000 	C:\Program Files\Android\Android Studio\jre\bin\msvcp140.dll
0x00007ffa78260000 - 0x00007ffa78d45000 	C:\Program Files\Android\Android Studio\jre\bin\server\jvm.dll
0x00007ffaad790000 - 0x00007ffaad83e000 	C:\WINDOWS\System32\ADVAPI32.dll
0x00007ffaae800000 - 0x00007ffaae89c000 	C:\WINDOWS\System32\sechost.dll
0x00007ffaad840000 - 0x00007ffaad965000 	C:\WINDOWS\System32\RPCRT4.dll
0x00007ffaad970000 - 0x00007ffaad978000 	C:\WINDOWS\System32\PSAPI.DLL
0x00007ffaa8840000 - 0x00007ffaa8849000 	C:\WINDOWS\SYSTEM32\WSOCK32.dll
0x00007ffaaec00000 - 0x00007ffaaec6b000 	C:\WINDOWS\System32\WS2_32.dll
0x00007ffa9a190000 - 0x00007ffa9a1b7000 	C:\WINDOWS\SYSTEM32\WINMM.dll
0x00007ffaa14f0000 - 0x00007ffaa14fa000 	C:\WINDOWS\SYSTEM32\VERSION.dll
0x00007ffaaac20000 - 0x00007ffaaac32000 	C:\WINDOWS\SYSTEM32\kernel.appcore.dll
0x00007ffaa50f0000 - 0x00007ffaa5101000 	C:\Program Files\Android\Android Studio\jre\bin\verify.dll
0x00007ffaa40a0000 - 0x00007ffaa4284000 	C:\WINDOWS\SYSTEM32\DBGHELP.DLL
0x00007ffaa42b0000 - 0x00007ffaa42dc000 	C:\WINDOWS\SYSTEM32\dbgcore.DLL
0x00007ffaad060000 - 0x00007ffaad0e2000 	C:\WINDOWS\System32\bcryptPrimitives.dll
0x00007ffaa50c0000 - 0x00007ffaa50e9000 	C:\Program Files\Android\Android Studio\jre\bin\java.dll
0x00007ffaa7a60000 - 0x00007ffaa7a6b000 	C:\Program Files\Android\Android Studio\jre\bin\jimage.dll
0x00007ffaa50a0000 - 0x00007ffaa50b8000 	C:\Program Files\Android\Android Studio\jre\bin\zip.dll
0x00007ffaadad0000 - 0x00007ffaae214000 	C:\WINDOWS\System32\SHELL32.dll
0x00007ffaaae20000 - 0x00007ffaab5b4000 	C:\WINDOWS\SYSTEM32\windows.storage.dll
0x00007ffaae8a0000 - 0x00007ffaaebf4000 	C:\WINDOWS\System32\combase.dll
0x00007ffaac710000 - 0x00007ffaac73c000 	C:\WINDOWS\SYSTEM32\Wldp.dll
0x00007ffaae270000 - 0x00007ffaae31d000 	C:\WINDOWS\System32\SHCORE.dll
0x00007ffaae440000 - 0x00007ffaae495000 	C:\WINDOWS\System32\shlwapi.dll
0x00007ffaacc60000 - 0x00007ffaacc7f000 	C:\WINDOWS\SYSTEM32\profapi.dll
0x00007ffaa5080000 - 0x00007ffaa509a000 	C:\Program Files\Android\Android Studio\jre\bin\net.dll
0x00007ffaa6ef0000 - 0x00007ffaa6ffa000 	C:\WINDOWS\SYSTEM32\WINHTTP.dll
0x00007ffaac470000 - 0x00007ffaac4da000 	C:\WINDOWS\system32\mswsock.dll
0x00007ffaa1d80000 - 0x00007ffaa1d94000 	C:\Program Files\Android\Android Studio\jre\bin\nio.dll
0x00007ffa99b90000 - 0x00007ffa99bb7000 	C:\Users\Abhijit\.gradle\native\e1d6ef7f7dcc3fd88c89a11ec53ec762bb8ba0a96d01ffa2cd45eb1d1d8dd5c5\windows-amd64\native-platform.dll
0x00007ffa5c210000 - 0x00007ffa5c354000 	C:\Users\Abhijit\.gradle\native\5664cfc778a61ccfe75a443a1ab52a65af34e5dc3c78e0209fed803814484fcb\windows-amd64\native-platform-file-events.dll
0x00007ffaa5070000 - 0x00007ffaa507a000 	C:\Program Files\Android\Android Studio\jre\bin\management.dll
0x00007ffaa46d0000 - 0x00007ffaa46dd000 	C:\Program Files\Android\Android Studio\jre\bin\management_ext.dll
0x00007ffaac660000 - 0x00007ffaac678000 	C:\WINDOWS\SYSTEM32\CRYPTSP.dll
0x00007ffaabd90000 - 0x00007ffaabdc4000 	C:\WINDOWS\system32\rsaenh.dll
0x00007ffaad250000 - 0x00007ffaad277000 	C:\WINDOWS\System32\bcrypt.dll
0x00007ffaacbe0000 - 0x00007ffaacc0e000 	C:\WINDOWS\SYSTEM32\USERENV.dll
0x00007ffaac680000 - 0x00007ffaac68c000 	C:\WINDOWS\SYSTEM32\CRYPTBASE.dll
0x00007ffaac100000 - 0x00007ffaac13b000 	C:\WINDOWS\SYSTEM32\IPHLPAPI.DLL
0x00007ffaae230000 - 0x00007ffaae238000 	C:\WINDOWS\System32\NSI.dll
0x00007ffaa6070000 - 0x00007ffaa6087000 	C:\WINDOWS\SYSTEM32\dhcpcsvc6.DLL
0x00007ffaa5fc0000 - 0x00007ffaa5fdd000 	C:\WINDOWS\SYSTEM32\dhcpcsvc.DLL
0x00007ffaac1a0000 - 0x00007ffaac26b000 	C:\WINDOWS\SYSTEM32\DNSAPI.dll

dbghelp: loaded successfully - version: 4.0.5 - missing functions: none
symbol engine: initialized successfully - sym options: 0x614 - pdb path: .;C:\Program Files\Android\Android Studio\jre\bin;C:\WINDOWS\SYSTEM32;C:\WINDOWS\WinSxS\amd64_microsoft.windows.common-controls_6595b64144ccf1df_6.0.19041.1110_none_60b5254171f9507e;C:\Program Files\Android\Android Studio\jre\bin\server;C:\Users\Abhijit\.gradle\native\e1d6ef7f7dcc3fd88c89a11ec53ec762bb8ba0a96d01ffa2cd45eb1d1d8dd5c5\windows-amd64;C:\Users\Abhijit\.gradle\native\5664cfc778a61ccfe75a443a1ab52a65af34e5dc3c78e0209fed803814484fcb\windows-amd64

VM Arguments:
jvm_args: --add-opens=java.base/java.util=ALL-UNNAMED --add-opens=java.base/java.lang=ALL-UNNAMED --add-opens=java.base/java.lang.invoke=ALL-UNNAMED --add-opens=java.base/java.util=ALL-UNNAMED --add-opens=java.prefs/java.util.prefs=ALL-UNNAMED --add-opens=java.prefs/java.util.prefs=ALL-UNNAMED --add-opens=java.base/java.nio.charset=ALL-UNNAMED --add-opens=java.base/java.net=ALL-UNNAMED --add-opens=java.base/java.util.concurrent.atomic=ALL-UNNAMED -Xmx2048m -Dfile.encoding=UTF-8 -Duser.country=IN -Duser.language=en -Duser.variant 
java_command: org.gradle.launcher.daemon.bootstrap.GradleDaemon 7.3.3
java_class_path (initial): C:\Users\Abhijit\.gradle\wrapper\dists\gradle-7.3.3-bin\6a41zxkdtcxs8rphpq6y0069z\gradle-7.3.3\lib\gradle-launcher-7.3.3.jar
Launcher Type: SUN_STANDARD

[Global flags]
     intx CICompilerCount                          = 3                                         {product} {ergonomic}
     uint ConcGCThreads                            = 1                                         {product} {ergonomic}
     uint G1ConcRefinementThreads                  = 4                                         {product} {ergonomic}
   size_t G1HeapRegionSize                         = 1048576                                   {product} {ergonomic}
    uintx GCDrainStackTargetSize                   = 64                                        {product} {ergonomic}
   size_t InitialHeapSize                          = 134217728                                 {product} {ergonomic}
   size_t MarkStackSize                            = 4194304                                   {product} {ergonomic}
   size_t MaxHeapSize                              = 2147483648                                {product} {command line}
   size_t MaxNewSize                               = 1287651328                                {product} {ergonomic}
   size_t MinHeapDeltaBytes                        = 1048576                                   {product} {ergonomic}
    uintx NonNMethodCodeHeapSize                   = 5830732                                {pd product} {ergonomic}
    uintx NonProfiledCodeHeapSize                  = 122913754                              {pd product} {ergonomic}
    uintx ProfiledCodeHeapSize                     = 122913754                              {pd product} {ergonomic}
    uintx ReservedCodeCacheSize                    = 251658240                              {pd product} {ergonomic}
     bool SegmentedCodeCache                       = true                                      {product} {ergonomic}
     bool UseCompressedClassPointers               = true                                 {lp64_product} {ergonomic}
     bool UseCompressedOops                        = true                                 {lp64_product} {ergonomic}
     bool UseG1GC                                  = true                                      {product} {ergonomic}
     bool UseLargePagesIndividualAllocation        = false                                  {pd product} {ergonomic}

Logging:
Log output configuration:
 #0: stdout all=warning uptime,level,tags
 #1: stderr all=off uptime,level,tags

Environment Variables:
JAVA_HOME=C:\Users\Abhijit\AppData\Local\Programs\Eclipse Adoptium\jdk-17.0.2.8-hotspot\
PATH=C:\Program Files\Common Files\Oracle\Java\javapath;C:\WINDOWS\system32;C:\WINDOWS;C:\WINDOWS\System32\Wbem;C:\WINDOWS\System32\WindowsPowerShell\v1.0\;C:\WINDOWS\System32\OpenSSH\;C:\MinGW\bin;C:\Program Files\MongoDB\Server\5.0\bin;C:\Program Files\Java\jdk-17.0.2\bin;C:\Program Files\Java\jdk-11.0.14\bin;C:\php-8.1.2;C:\apache-tomcat-9.0.58-windows-x64\apache-tomcat-9.0.58\bin;C:\mongosh-1.1.9-win32-x64\mongosh-1.1.9-win32-x64\bin;C:\Program Files (x86)\sbt\bin;C:\Program Files\PostgreSQL\14\bin;C:\Program Files\dotnet\;C:\Users\Abhijit\AppData\Local\Programs\Python\Python310\Scripts\;C:\Users\Abhijit\AppData\Local\Programs\Python\Python310\;C:\Users\Abhijit\AppData\Local\Programs\Eclipse Adoptium\jdk-17.0.2.8-hotspot\bin;C:\Users\Abhijit\AppData\Local\Microsoft\WindowsApps;C:\MinGW\bin;C:\Program Files\MongoDB\Server\5.0\bin;C:\Program Files\Java\jdk-17.0.2\bin;C:\Program Files\Java\jdk-11.0.14\bin;C:\Program Files (x86)\sbt\bin;C:\php-8.1.2;C:\apache-tomcat-9.0.58-windows-x64\apache-tomcat-9.0.58\bin;C:\mongosh-1.1.9-win32-x64\mongosh-1.1.9-win32-x64\bin;C:\Program Files\PostgreSQL\14\bin;C:\Users\Abhijit\.dotnet\tools;C:\Users\Abhijit\AppData\Local\Programs\Microsoft VS Code\bin
USERNAME=Abhijit
OS=Windows_NT
PROCESSOR_IDENTIFIER=Intel64 Family 6 Model 61 Stepping 4, GenuineIntel



---------------  S Y S T E M  ---------------

OS: Windows 10 , 64 bit Build 19041 (10.0.19041.1706)
OS uptime: 1 days 10:14 hours

CPU:total 4 (initial active 4) (2 cores per cpu, 2 threads per core) family 6 model 61 stepping 4 microcode 0x2d, cmov, cx8, fxsr, mmx, sse, sse2, sse3, ssse3, sse4.1, sse4.2, popcnt, avx, avx2, aes, clmul, erms, rtm, 3dnowpref, lzcnt, ht, tsc, tscinvbit, bmi1, bmi2, adx, fma

Memory: 4k page, system-wide physical 8071M (280M free)
TotalPageFile size 23051M (AvailPageFile size 2M)
current process WorkingSet (physical memory assigned to process): 167M, peak: 167M
current process commit charge ("private bytes"): 261M, peak: 261M

vm_info: OpenJDK 64-Bit Server VM (11.0.12+7-b1504.28-7817840) for windows-amd64 JRE (11.0.12+7-b1504.28-7817840), built on Oct 13 2021 22:12:33 by "builder" with MS VC++ 14.0 (VS2015)

END.
